<?xml version="1.0" encoding="UTF-8"?>
<!-- Generated by org.testng.reporters.JUnitReportReporter -->
<testsuite hostname="DESKTOP-83P99L1" failures="0" tests="1" name="DataDrivenTesting.DataDriven1" time="3.029" errors="0" timestamp="2024-02-05T01:07:42 PST" skipped="0">
  <testcase classname="DataDrivenTesting.DataDriven1" name="testcase" time="3.029"/>
  <system-out/>
</testsuite> <!-- DataDrivenTesting.DataDriven1 -->
