<?xml version="1.0" encoding="UTF-8"?>
<!-- Generated by org.testng.reporters.JUnitReportReporter -->
<testsuite hostname="DESKTOP-83P99L1" failures="0" tests="3" name="Seleniumbatch.dependsonMethod" time="27.765" errors="0" timestamp="2024-01-31T10:23:14 PST" skipped="0">
  <testcase classname="Seleniumbatch.dependsonMethod" name="login" time="8.272"/>
  <system-out/>
  <testcase classname="Seleniumbatch.dependsonMethod" name="logout" time="7.617"/>
  <system-out/>
  <testcase classname="Seleniumbatch.dependsonMethod" name="register" time="11.876"/>
  <system-out/>
</testsuite> <!-- Seleniumbatch.dependsonMethod -->
