<?xml version="1.0" encoding="UTF-8"?>
<!-- Generated by org.testng.reporters.JUnitReportReporter -->
<testsuite hostname="DESKTOP-83P99L1" failures="0" tests="4" name="Seleniumbatch.program" time="0.045" errors="0" timestamp="2023-12-12T01:25:32 PST" skipped="0">
  <testcase classname="Seleniumbatch.program" name="testcase" time="0.020"/>
  <system-out>
pass  </system-out>
  <testcase classname="Seleniumbatch.program" name="register" time="0.003"/>
  <system-out>
pass-1  </system-out>
  <testcase classname="Seleniumbatch.program" name="logout" time="0.011"/>
  <system-out>
pass-3  </system-out>
  <testcase classname="Seleniumbatch.program" name="login" time="0.011"/>
  <system-out>
pass-2  </system-out>
</testsuite> <!-- Seleniumbatch.program -->
