<?xml version="1.0" encoding="UTF-8"?>
<!-- Generated by org.testng.reporters.JUnitReportReporter -->
<testsuite hostname="DESKTOP-83P99L1" failures="0" tests="3" name="Seleniumbatch.Threadpoolsize" time="46.890" errors="0" timestamp="2024-01-31T10:52:13 PST" skipped="0">
  <testcase classname="Seleniumbatch.Threadpoolsize" name="login" time="16.085"/>
  <system-out/>
  <testcase classname="Seleniumbatch.Threadpoolsize" name="login" time="14.744"/>
  <system-out/>
  <testcase classname="Seleniumbatch.Threadpoolsize" name="login" time="16.061"/>
  <system-out/>
</testsuite> <!-- Seleniumbatch.Threadpoolsize -->
