<?xml version="1.0" encoding="UTF-8"?>
<!-- Generated by org.testng.reporters.JUnitReportReporter -->
<testsuite hostname="DESKTOP-83P99L1" failures="0" tests="3" name="Seleniumbatch.Enabled" time="23.405" errors="0" timestamp="2023-12-12T02:25:44 PST" skipped="1">
  <testcase classname="Seleniumbatch.Enabled" name="register" time="12.765"/>
  <system-out/>
  <testcase classname="Seleniumbatch.Enabled" name="logout" time="10.640"/>
  <system-out/>
  <testcase classname="Seleniumbatch.Enabled" name="login">
    <skipped/>
  </testcase> <!-- login -->
  <system-out/>
</testsuite> <!-- Seleniumbatch.Enabled -->
