<?xml version="1.0" encoding="UTF-8"?>
<!-- Generated by org.testng.reporters.JUnitReportReporter -->
<testsuite hostname="DESKTOP-83P99L1" failures="0" tests="1" name="asseration.assert_notequals" time="16.281" errors="0" timestamp="2024-02-01T02:12:25 PST" skipped="0">
  <testcase classname="asseration.assert_notequals" name="register" time="16.281"/>
  <system-out/>
</testsuite> <!-- asseration.assert_notequals -->
