<?xml version="1.0" encoding="UTF-8"?>
<!-- Generated by org.testng.reporters.JUnitReportReporter -->
<testsuite hostname="DESKTOP-83P99L1" failures="0" tests="1" name="Seleniumbatch.ass1" time="23.999" errors="0" timestamp="2023-12-12T10:00:41 PST" skipped="0">
  <testcase classname="Seleniumbatch.ass1" name="register" time="23.999"/>
  <system-out/>
</testsuite> <!-- Seleniumbatch.ass1 -->
