<?xml version="1.0" encoding="UTF-8"?>
<!-- Generated by org.testng.reporters.JUnitReportReporter -->
<testsuite hostname="DESKTOP-83P99L1" failures="0" tests="1" name="car.testcase3" time="60.180" errors="0" timestamp="2023-12-14T00:12:37 PST" skipped="0">
  <testcase classname="car.testcase3" name="scorpio" time="60.180"/>
  <system-out/>
</testsuite> <!-- car.testcase3 -->
