<?xml version="1.0" encoding="UTF-8"?>
<!-- Generated by org.testng.reporters.JUnitReportReporter -->
<testsuite hostname="DESKTOP-83P99L1" failures="0" tests="1" name="PageObjectModel.TestCases" time="38.030" errors="0" timestamp="2024-02-15T06:22:25 PST" skipped="0">
  <testcase classname="PageObjectModel.TestCases" name="testCase" time="38.030"/>
  <system-out/>
</testsuite> <!-- PageObjectModel.TestCases -->
