<?xml version="1.0" encoding="UTF-8"?>
<!-- Generated by org.testng.reporters.JUnitReportReporter -->
<testsuite hostname="DESKTOP-83P99L1" failures="0" tests="3" name="Seleniumbatch.datapro" time="0.038" errors="0" timestamp="2024-02-01T01:21:54 PST" skipped="0">
  <testcase classname="Seleniumbatch.datapro" name="main" time="0.003"/>
  <system-out/>
  <testcase classname="Seleniumbatch.datapro" name="main" time="0.024"/>
  <system-out/>
  <testcase classname="Seleniumbatch.datapro" name="main" time="0.011"/>
  <system-out/>
</testsuite> <!-- Seleniumbatch.datapro -->
