<?xml version="1.0" encoding="UTF-8"?>
<!-- Generated by org.testng.reporters.JUnitReportReporter -->
<testsuite hostname="DESKTOP-83P99L1" failures="0" tests="5" name="Seleniumbatch.invocation" time="49.708" errors="0" timestamp="2024-01-31T10:47:19 PST" skipped="0">
  <testcase classname="Seleniumbatch.invocation" name="register" time="9.403"/>
  <system-out/>
  <testcase classname="Seleniumbatch.invocation" name="logout" time="8.990"/>
  <system-out/>
  <testcase classname="Seleniumbatch.invocation" name="login" time="10.927"/>
  <system-out/>
  <testcase classname="Seleniumbatch.invocation" name="login" time="9.373"/>
  <system-out/>
  <testcase classname="Seleniumbatch.invocation" name="login" time="11.015"/>
  <system-out/>
</testsuite> <!-- Seleniumbatch.invocation -->
