<?xml version="1.0" encoding="UTF-8"?>
<!-- Generated by org.testng.reporters.JUnitReportReporter -->
<testsuite hostname="DESKTOP-83P99L1" failures="0" tests="1" name="bike.testcase2" time="45.502" errors="0" timestamp="2023-12-14T00:50:49 PST" skipped="0">
  <testcase classname="bike.testcase2" name="hero" time="45.502"/>
  <system-out/>
</testsuite> <!-- bike.testcase2 -->
