<?xml version="1.0" encoding="UTF-8"?>
<!-- Generated by org.testng.reporters.JUnitReportReporter -->
<testsuite hostname="DESKTOP-83P99L1" failures="0" tests="1" name="DataDrivenTesting.readdatafromfetchexcel" time="2.419" errors="0" timestamp="2024-02-05T01:26:41 PST" skipped="0">
  <testcase classname="DataDrivenTesting.readdatafromfetchexcel" name="testCase" time="2.419"/>
  <system-out>
    <![CDATA[subject1
java
sumit]]>
  </system-out>
</testsuite> <!-- DataDrivenTesting.readdatafromfetchexcel -->
