<?xml version="1.0" encoding="UTF-8"?>
<!-- Generated by org.testng.reporters.JUnitReportReporter -->
<testsuite hostname="DESKTOP-83P99L1" failures="0" tests="1" name="asseration.soft_assert_equals" time="0.028" errors="0" timestamp="2024-02-01T01:58:32 PST" skipped="0">
  <testcase classname="asseration.soft_assert_equals" name="main" time="0.028"/>
  <system-out/>
</testsuite> <!-- asseration.soft_assert_equals -->
